<?xml version="1.0" encoding="UTF-8"?>
<testng-results ignored="0" total="1" passed="1" failed="0" skipped="0">
  <reporter-output>
  </reporter-output>
  <suite started-at="2023-01-11T12:17:09 SGT" name="Default suite" finished-at="2023-01-11T12:17:17 SGT" duration-ms="8023">
    <groups>
    </groups>
    <test started-at="2023-01-11T12:17:09 SGT" name="Default test" finished-at="2023-01-11T12:17:17 SGT" duration-ms="8023">
      <class name="FrameWork_TestCase.Test_MCF_PageObject">
        <test-method is-config="true" signature="setup()[pri:0, instance:FrameWork_TestCase.Test_MCF_PageObject@6a400542]" started-at="2023-01-11T12:17:09 SGT" name="setup" finished-at="2023-01-11T12:17:13 SGT" duration-ms="3938" status="PASS">
          <reporter-output>
          </reporter-output>
        </test-method> <!-- setup -->
        <test-method signature="test_MCF_PO_PF()[pri:0, instance:FrameWork_TestCase.Test_MCF_PageObject@6a400542]" started-at="2023-01-11T12:17:13 SGT" name="test_MCF_PO_PF" finished-at="2023-01-11T12:17:16 SGT" duration-ms="3654" status="PASS">
          <reporter-output>
          </reporter-output>
        </test-method> <!-- test_MCF_PO_PF -->
        <test-method is-config="true" signature="close()[pri:0, instance:FrameWork_TestCase.Test_MCF_PageObject@6a400542]" started-at="2023-01-11T12:17:16 SGT" name="close" finished-at="2023-01-11T12:17:17 SGT" duration-ms="380" status="PASS">
          <reporter-output>
          </reporter-output>
        </test-method> <!-- close -->
      </class> <!-- FrameWork_TestCase.Test_MCF_PageObject -->
    </test> <!-- Default test -->
  </suite> <!-- Default suite -->
</testng-results>
